<?xml version="1.0" encoding="UTF-8"?>
<!-- Generated by org.testng.reporters.JUnitReportReporter -->
<testsuite hostname="DESKTOP-89HMT6O" failures="0" tests="179" name="dsAlgo_TestRunner.TestRunner" time="323.151" errors="0" timestamp="2023-07-09T23:43:44 GMT-04:00" skipped="0">
  <testcase classname="dsAlgo_TestRunner.TestRunner" name="runScenario" time="0.885"/>
  <testcase classname="dsAlgo_TestRunner.TestRunner" name="runScenario" time="0.949"/>
  <testcase classname="dsAlgo_TestRunner.TestRunner" name="runScenario" time="0.862"/>
  <testcase classname="dsAlgo_TestRunner.TestRunner" name="runScenario" time="3.503"/>
  <testcase classname="dsAlgo_TestRunner.TestRunner" name="runScenario" time="3.327"/>
  <testcase classname="dsAlgo_TestRunner.TestRunner" name="runScenario" time="1.060"/>
  <testcase classname="dsAlgo_TestRunner.TestRunner" name="runScenario" time="4.704"/>
  <testcase classname="dsAlgo_TestRunner.TestRunner" name="runScenario" time="0.612"/>
  <testcase classname="dsAlgo_TestRunner.TestRunner" name="runScenario" time="1.153"/>
  <testcase classname="dsAlgo_TestRunner.TestRunner" name="runScenario" time="2.337"/>
  <testcase classname="dsAlgo_TestRunner.TestRunner" name="runScenario" time="5.786"/>
  <testcase classname="dsAlgo_TestRunner.TestRunner" name="runScenario" time="1.501"/>
  <testcase classname="dsAlgo_TestRunner.TestRunner" name="runScenario" time="1.048"/>
  <testcase classname="dsAlgo_TestRunner.TestRunner" name="runScenario" time="0.837"/>
  <testcase classname="dsAlgo_TestRunner.TestRunner" name="runScenario" time="0.997"/>
  <testcase classname="dsAlgo_TestRunner.TestRunner" name="runScenario" time="1.177"/>
  <testcase classname="dsAlgo_TestRunner.TestRunner" name="runScenario" time="1.266"/>
  <testcase classname="dsAlgo_TestRunner.TestRunner" name="runScenario" time="1.084"/>
  <testcase classname="dsAlgo_TestRunner.TestRunner" name="runScenario" time="0.777"/>
  <testcase classname="dsAlgo_TestRunner.TestRunner" name="runScenario" time="3.215"/>
  <testcase classname="dsAlgo_TestRunner.TestRunner" name="runScenario" time="1.477"/>
  <testcase classname="dsAlgo_TestRunner.TestRunner" name="runScenario" time="3.352"/>
  <testcase classname="dsAlgo_TestRunner.TestRunner" name="runScenario" time="1.457"/>
  <testcase classname="dsAlgo_TestRunner.TestRunner" name="runScenario" time="0.664"/>
  <testcase classname="dsAlgo_TestRunner.TestRunner" name="runScenario" time="3.517"/>
  <testcase classname="dsAlgo_TestRunner.TestRunner" name="runScenario" time="0.911"/>
  <testcase classname="dsAlgo_TestRunner.TestRunner" name="runScenario" time="0.765"/>
  <testcase classname="dsAlgo_TestRunner.TestRunner" name="runScenario" time="0.515"/>
  <testcase classname="dsAlgo_TestRunner.TestRunner" name="runScenario" time="0.843"/>
  <testcase classname="dsAlgo_TestRunner.TestRunner" name="runScenario" time="0.153"/>
  <testcase classname="dsAlgo_TestRunner.TestRunner" name="runScenario" time="1.529"/>
  <testcase classname="dsAlgo_TestRunner.TestRunner" name="runScenario" time="1.065"/>
  <testcase classname="dsAlgo_TestRunner.TestRunner" name="runScenario" time="0.572"/>
  <testcase classname="dsAlgo_TestRunner.TestRunner" name="runScenario" time="3.413"/>
  <testcase classname="dsAlgo_TestRunner.TestRunner" name="runScenario" time="1.472"/>
  <testcase classname="dsAlgo_TestRunner.TestRunner" name="runScenario" time="1.064"/>
  <testcase classname="dsAlgo_TestRunner.TestRunner" name="runScenario" time="3.503"/>
  <testcase classname="dsAlgo_TestRunner.TestRunner" name="runScenario" time="1.394"/>
  <testcase classname="dsAlgo_TestRunner.TestRunner" name="runScenario" time="0.686"/>
  <testcase classname="dsAlgo_TestRunner.TestRunner" name="runScenario" time="3.369"/>
  <testcase classname="dsAlgo_TestRunner.TestRunner" name="runScenario" time="4.256"/>
  <testcase classname="dsAlgo_TestRunner.TestRunner" name="runScenario" time="3.471"/>
  <testcase classname="dsAlgo_TestRunner.TestRunner" name="runScenario" time="0.608"/>
  <testcase classname="dsAlgo_TestRunner.TestRunner" name="runScenario" time="3.405"/>
  <testcase classname="dsAlgo_TestRunner.TestRunner" name="runScenario" time="0.880"/>
  <testcase classname="dsAlgo_TestRunner.TestRunner" name="runScenario" time="3.419"/>
  <testcase classname="dsAlgo_TestRunner.TestRunner" name="runScenario" time="0.569"/>
  <testcase classname="dsAlgo_TestRunner.TestRunner" name="runScenario" time="1.096"/>
  <testcase classname="dsAlgo_TestRunner.TestRunner" name="runScenario" time="1.191"/>
  <testcase classname="dsAlgo_TestRunner.TestRunner" name="runScenario" time="0.686"/>
  <testcase classname="dsAlgo_TestRunner.TestRunner" name="runScenario" time="1.789"/>
  <testcase classname="dsAlgo_TestRunner.TestRunner" name="runScenario" time="4.044"/>
  <testcase classname="dsAlgo_TestRunner.TestRunner" name="runScenario" time="1.400"/>
  <testcase classname="dsAlgo_TestRunner.TestRunner" name="runScenario" time="1.140"/>
  <testcase classname="dsAlgo_TestRunner.TestRunner" name="runScenario" time="1.218"/>
  <testcase classname="dsAlgo_TestRunner.TestRunner" name="runScenario" time="5.436"/>
  <testcase classname="dsAlgo_TestRunner.TestRunner" name="runScenario" time="4.120"/>
  <testcase classname="dsAlgo_TestRunner.TestRunner" name="runScenario" time="3.484"/>
  <testcase classname="dsAlgo_TestRunner.TestRunner" name="runScenario" time="0.482"/>
  <testcase classname="dsAlgo_TestRunner.TestRunner" name="runScenario" time="4.123"/>
  <testcase classname="dsAlgo_TestRunner.TestRunner" name="runScenario" time="3.487"/>
  <testcase classname="dsAlgo_TestRunner.TestRunner" name="runScenario" time="3.581"/>
  <testcase classname="dsAlgo_TestRunner.TestRunner" name="runScenario" time="0.496"/>
  <testcase classname="dsAlgo_TestRunner.TestRunner" name="runScenario" time="1.325"/>
  <testcase classname="dsAlgo_TestRunner.TestRunner" name="runScenario" time="0.298"/>
  <testcase classname="dsAlgo_TestRunner.TestRunner" name="runScenario" time="2.214"/>
  <testcase classname="dsAlgo_TestRunner.TestRunner" name="runScenario" time="0.625"/>
  <testcase classname="dsAlgo_TestRunner.TestRunner" name="runScenario" time="0.404"/>
  <testcase classname="dsAlgo_TestRunner.TestRunner" name="runScenario" time="1.388"/>
  <testcase classname="dsAlgo_TestRunner.TestRunner" name="runScenario" time="1.033"/>
  <testcase classname="dsAlgo_TestRunner.TestRunner" name="runScenario" time="3.806"/>
  <testcase classname="dsAlgo_TestRunner.TestRunner" name="runScenario" time="1.193"/>
  <testcase classname="dsAlgo_TestRunner.TestRunner" name="runScenario" time="1.102"/>
  <testcase classname="dsAlgo_TestRunner.TestRunner" name="runScenario" time="3.201"/>
  <testcase classname="dsAlgo_TestRunner.TestRunner" name="runScenario" time="3.526"/>
  <testcase classname="dsAlgo_TestRunner.TestRunner" name="runScenario" time="1.075"/>
  <testcase classname="dsAlgo_TestRunner.TestRunner" name="runScenario" time="1.095"/>
  <testcase classname="dsAlgo_TestRunner.TestRunner" name="runScenario" time="1.063"/>
  <testcase classname="dsAlgo_TestRunner.TestRunner" name="runScenario" time="1.159"/>
  <testcase classname="dsAlgo_TestRunner.TestRunner" name="runScenario" time="0.702"/>
  <testcase classname="dsAlgo_TestRunner.TestRunner" name="runScenario" time="0.930"/>
  <testcase classname="dsAlgo_TestRunner.TestRunner" name="runScenario" time="1.380"/>
  <testcase classname="dsAlgo_TestRunner.TestRunner" name="runScenario" time="3.321"/>
  <testcase classname="dsAlgo_TestRunner.TestRunner" name="runScenario" time="4.428"/>
  <testcase classname="dsAlgo_TestRunner.TestRunner" name="runScenario" time="0.381"/>
  <testcase classname="dsAlgo_TestRunner.TestRunner" name="runScenario" time="0.682"/>
  <testcase classname="dsAlgo_TestRunner.TestRunner" name="runScenario" time="1.065"/>
  <testcase classname="dsAlgo_TestRunner.TestRunner" name="runScenario" time="0.943"/>
  <testcase classname="dsAlgo_TestRunner.TestRunner" name="runScenario" time="0.425"/>
  <testcase classname="dsAlgo_TestRunner.TestRunner" name="runScenario" time="1.305"/>
  <testcase classname="dsAlgo_TestRunner.TestRunner" name="runScenario" time="1.170"/>
  <testcase classname="dsAlgo_TestRunner.TestRunner" name="runScenario" time="1.520"/>
  <testcase classname="dsAlgo_TestRunner.TestRunner" name="runScenario" time="0.158"/>
  <testcase classname="dsAlgo_TestRunner.TestRunner" name="runScenario" time="0.738"/>
  <testcase classname="dsAlgo_TestRunner.TestRunner" name="runScenario" time="2.209"/>
  <testcase classname="dsAlgo_TestRunner.TestRunner" name="runScenario" time="0.981"/>
  <testcase classname="dsAlgo_TestRunner.TestRunner" name="runScenario" time="1.221"/>
  <testcase classname="dsAlgo_TestRunner.TestRunner" name="runScenario" time="1.250"/>
  <testcase classname="dsAlgo_TestRunner.TestRunner" name="runScenario" time="3.405"/>
  <testcase classname="dsAlgo_TestRunner.TestRunner" name="runScenario" time="1.484"/>
  <testcase classname="dsAlgo_TestRunner.TestRunner" name="runScenario" time="0.751"/>
  <testcase classname="dsAlgo_TestRunner.TestRunner" name="runScenario" time="3.901"/>
  <testcase classname="dsAlgo_TestRunner.TestRunner" name="runScenario" time="1.575"/>
  <testcase classname="dsAlgo_TestRunner.TestRunner" name="runScenario" time="1.227"/>
  <testcase classname="dsAlgo_TestRunner.TestRunner" name="runScenario" time="3.195"/>
  <testcase classname="dsAlgo_TestRunner.TestRunner" name="runScenario" time="3.248"/>
  <testcase classname="dsAlgo_TestRunner.TestRunner" name="runScenario" time="0.627"/>
  <testcase classname="dsAlgo_TestRunner.TestRunner" name="runScenario" time="0.603"/>
  <testcase classname="dsAlgo_TestRunner.TestRunner" name="runScenario" time="0.751"/>
  <testcase classname="dsAlgo_TestRunner.TestRunner" name="runScenario" time="0.155"/>
  <testcase classname="dsAlgo_TestRunner.TestRunner" name="runScenario" time="3.843"/>
  <testcase classname="dsAlgo_TestRunner.TestRunner" name="runScenario" time="0.844"/>
  <testcase classname="dsAlgo_TestRunner.TestRunner" name="runScenario" time="1.108"/>
  <testcase classname="dsAlgo_TestRunner.TestRunner" name="runScenario" time="0.624"/>
  <testcase classname="dsAlgo_TestRunner.TestRunner" name="runScenario" time="0.875"/>
  <testcase classname="dsAlgo_TestRunner.TestRunner" name="runScenario" time="2.182"/>
  <testcase classname="dsAlgo_TestRunner.TestRunner" name="runScenario" time="0.269"/>
  <testcase classname="dsAlgo_TestRunner.TestRunner" name="runScenario" time="1.320"/>
  <testcase classname="dsAlgo_TestRunner.TestRunner" name="runScenario" time="0.773"/>
  <testcase classname="dsAlgo_TestRunner.TestRunner" name="runScenario" time="0.398"/>
  <testcase classname="dsAlgo_TestRunner.TestRunner" name="runScenario" time="1.504"/>
  <testcase classname="dsAlgo_TestRunner.TestRunner" name="runScenario" time="0.438"/>
  <testcase classname="dsAlgo_TestRunner.TestRunner" name="runScenario" time="0.146"/>
  <testcase classname="dsAlgo_TestRunner.TestRunner" name="runScenario" time="1.194"/>
  <testcase classname="dsAlgo_TestRunner.TestRunner" name="runScenario" time="3.669"/>
  <testcase classname="dsAlgo_TestRunner.TestRunner" name="runScenario" time="1.376"/>
  <testcase classname="dsAlgo_TestRunner.TestRunner" name="runScenario" time="1.460"/>
  <testcase classname="dsAlgo_TestRunner.TestRunner" name="runScenario" time="1.211"/>
  <testcase classname="dsAlgo_TestRunner.TestRunner" name="runScenario" time="2.316"/>
  <testcase classname="dsAlgo_TestRunner.TestRunner" name="runScenario" time="1.020"/>
  <testcase classname="dsAlgo_TestRunner.TestRunner" name="runScenario" time="3.271"/>
  <testcase classname="dsAlgo_TestRunner.TestRunner" name="runScenario" time="3.942"/>
  <testcase classname="dsAlgo_TestRunner.TestRunner" name="runScenario" time="4.158"/>
  <testcase classname="dsAlgo_TestRunner.TestRunner" name="runScenario" time="0.769"/>
  <testcase classname="dsAlgo_TestRunner.TestRunner" name="runScenario" time="3.376"/>
  <testcase classname="dsAlgo_TestRunner.TestRunner" name="runScenario" time="0.612"/>
  <testcase classname="dsAlgo_TestRunner.TestRunner" name="runScenario" time="0.812"/>
  <testcase classname="dsAlgo_TestRunner.TestRunner" name="runScenario" time="1.153"/>
  <testcase classname="dsAlgo_TestRunner.TestRunner" name="runScenario" time="1.505"/>
  <testcase classname="dsAlgo_TestRunner.TestRunner" name="runScenario" time="0.595"/>
  <testcase classname="dsAlgo_TestRunner.TestRunner" name="runScenario" time="4.989"/>
  <testcase classname="dsAlgo_TestRunner.TestRunner" name="runScenario" time="1.301"/>
  <testcase classname="dsAlgo_TestRunner.TestRunner" name="runScenario" time="1.589"/>
  <testcase classname="dsAlgo_TestRunner.TestRunner" name="runScenario" time="3.651"/>
  <testcase classname="dsAlgo_TestRunner.TestRunner" name="runScenario" time="0.487"/>
  <testcase classname="dsAlgo_TestRunner.TestRunner" name="runScenario" time="0.712"/>
  <testcase classname="dsAlgo_TestRunner.TestRunner" name="runScenario" time="3.614"/>
  <testcase classname="dsAlgo_TestRunner.TestRunner" name="runScenario" time="1.144"/>
  <testcase classname="dsAlgo_TestRunner.TestRunner" name="runScenario" time="1.179"/>
  <testcase classname="dsAlgo_TestRunner.TestRunner" name="runScenario" time="0.386"/>
  <testcase classname="dsAlgo_TestRunner.TestRunner" name="runScenario" time="0.665"/>
  <testcase classname="dsAlgo_TestRunner.TestRunner" name="runScenario" time="4.676"/>
  <testcase classname="dsAlgo_TestRunner.TestRunner" name="runScenario" time="0.939"/>
  <testcase classname="dsAlgo_TestRunner.TestRunner" name="runScenario" time="2.040"/>
  <testcase classname="dsAlgo_TestRunner.TestRunner" name="runScenario" time="0.961"/>
  <testcase classname="dsAlgo_TestRunner.TestRunner" name="runScenario" time="3.690"/>
  <testcase classname="dsAlgo_TestRunner.TestRunner" name="runScenario" time="3.494"/>
  <testcase classname="dsAlgo_TestRunner.TestRunner" name="runScenario" time="4.218"/>
  <testcase classname="dsAlgo_TestRunner.TestRunner" name="runScenario" time="0.969"/>
  <testcase classname="dsAlgo_TestRunner.TestRunner" name="runScenario" time="1.036"/>
  <testcase classname="dsAlgo_TestRunner.TestRunner" name="runScenario" time="3.806"/>
  <testcase classname="dsAlgo_TestRunner.TestRunner" name="runScenario" time="3.627"/>
  <testcase classname="dsAlgo_TestRunner.TestRunner" name="runScenario" time="2.514"/>
  <testcase classname="dsAlgo_TestRunner.TestRunner" name="runScenario" time="3.829"/>
  <testcase classname="dsAlgo_TestRunner.TestRunner" name="runScenario" time="0.712"/>
  <testcase classname="dsAlgo_TestRunner.TestRunner" name="runScenario" time="1.051"/>
  <testcase classname="dsAlgo_TestRunner.TestRunner" name="runScenario" time="3.457"/>
  <testcase classname="dsAlgo_TestRunner.TestRunner" name="runScenario" time="0.567"/>
  <testcase classname="dsAlgo_TestRunner.TestRunner" name="runScenario" time="0.140"/>
  <testcase classname="dsAlgo_TestRunner.TestRunner" name="runScenario" time="1.372"/>
  <testcase classname="dsAlgo_TestRunner.TestRunner" name="runScenario" time="3.366"/>
  <testcase classname="dsAlgo_TestRunner.TestRunner" name="runScenario" time="1.075"/>
  <testcase classname="dsAlgo_TestRunner.TestRunner" name="runScenario" time="1.013"/>
  <testcase classname="dsAlgo_TestRunner.TestRunner" name="runScenario" time="3.701"/>
  <testcase classname="dsAlgo_TestRunner.TestRunner" name="runScenario" time="4.125"/>
  <testcase classname="dsAlgo_TestRunner.TestRunner" name="runScenario" time="1.353"/>
  <testcase classname="dsAlgo_TestRunner.TestRunner" name="runScenario" time="0.712"/>
  <testcase classname="dsAlgo_TestRunner.TestRunner" name="runScenario" time="1.422"/>
  <testcase classname="dsAlgo_TestRunner.TestRunner" name="runScenario" time="3.386"/>
</testsuite> <!-- dsAlgo_TestRunner.TestRunner -->
