<?xml version="1.0" encoding="UTF-8"?>
<!-- Generated by org.testng.reporters.JUnitReportReporter -->
<testsuite hostname="DESKTOP-89HMT6O" failures="0" tests="179" name="dsAlgo_TestRunner.TestRunner" time="236.372" errors="1" timestamp="2023-07-09T17:16:03 GMT-04:00" skipped="0">
  <testcase classname="dsAlgo_TestRunner.TestRunner" name="runScenario" time="1.372"/>
  <testcase classname="dsAlgo_TestRunner.TestRunner" name="runScenario" time="0.509"/>
  <testcase classname="dsAlgo_TestRunner.TestRunner" name="runScenario" time="0.792"/>
  <testcase classname="dsAlgo_TestRunner.TestRunner" name="runScenario" time="2.280"/>
  <testcase classname="dsAlgo_TestRunner.TestRunner" name="runScenario" time="0.613"/>
  <testcase classname="dsAlgo_TestRunner.TestRunner" name="runScenario" time="2.196"/>
  <testcase classname="dsAlgo_TestRunner.TestRunner" name="runScenario" time="1.079"/>
  <testcase classname="dsAlgo_TestRunner.TestRunner" name="runScenario" time="0.746"/>
  <testcase classname="dsAlgo_TestRunner.TestRunner" name="runScenario" time="1.283"/>
  <testcase classname="dsAlgo_TestRunner.TestRunner" name="runScenario" time="1.011"/>
  <testcase classname="dsAlgo_TestRunner.TestRunner" name="runScenario" time="0.701"/>
  <testcase classname="dsAlgo_TestRunner.TestRunner" name="runScenario" time="0.422"/>
  <testcase classname="dsAlgo_TestRunner.TestRunner" name="runScenario" time="0.883"/>
  <testcase classname="dsAlgo_TestRunner.TestRunner" name="runScenario" time="2.196"/>
  <testcase classname="dsAlgo_TestRunner.TestRunner" name="runScenario" time="0.189"/>
  <testcase classname="dsAlgo_TestRunner.TestRunner" name="runScenario" time="1.304"/>
  <testcase classname="dsAlgo_TestRunner.TestRunner" name="runScenario" time="1.100"/>
  <testcase classname="dsAlgo_TestRunner.TestRunner" name="runScenario" time="1.335"/>
  <testcase classname="dsAlgo_TestRunner.TestRunner" name="runScenario" time="0.929"/>
  <testcase classname="dsAlgo_TestRunner.TestRunner" name="runScenario" time="0.690"/>
  <testcase classname="dsAlgo_TestRunner.TestRunner" name="runScenario" time="2.527"/>
  <testcase classname="dsAlgo_TestRunner.TestRunner" name="runScenario" time="2.109"/>
  <testcase classname="dsAlgo_TestRunner.TestRunner" name="runScenario" time="0.770"/>
  <testcase classname="dsAlgo_TestRunner.TestRunner" name="runScenario" time="1.115"/>
  <testcase classname="dsAlgo_TestRunner.TestRunner" name="runScenario" time="1.096"/>
  <testcase classname="dsAlgo_TestRunner.TestRunner" name="runScenario" time="0.632"/>
  <testcase classname="dsAlgo_TestRunner.TestRunner" name="runScenario" time="2.337"/>
  <testcase classname="dsAlgo_TestRunner.TestRunner" name="runScenario" time="0.959"/>
  <testcase classname="dsAlgo_TestRunner.TestRunner" name="runScenario" time="0.699"/>
  <testcase classname="dsAlgo_TestRunner.TestRunner" name="runScenario" time="2.226"/>
  <testcase classname="dsAlgo_TestRunner.TestRunner" name="runScenario" time="1.255"/>
  <testcase classname="dsAlgo_TestRunner.TestRunner" name="runScenario" time="0.198"/>
  <testcase classname="dsAlgo_TestRunner.TestRunner" name="runScenario" time="2.066"/>
  <testcase classname="dsAlgo_TestRunner.TestRunner" name="runScenario" time="2.068"/>
  <testcase classname="dsAlgo_TestRunner.TestRunner" name="runScenario" time="1.450"/>
  <testcase classname="dsAlgo_TestRunner.TestRunner" name="runScenario" time="1.079"/>
  <testcase classname="dsAlgo_TestRunner.TestRunner" name="runScenario" time="2.239"/>
  <testcase classname="dsAlgo_TestRunner.TestRunner" name="runScenario" time="0.500"/>
  <testcase classname="dsAlgo_TestRunner.TestRunner" name="runScenario" time="2.052"/>
  <testcase classname="dsAlgo_TestRunner.TestRunner" name="runScenario" time="4.638"/>
  <testcase classname="dsAlgo_TestRunner.TestRunner" name="runScenario" time="0.780"/>
  <testcase classname="dsAlgo_TestRunner.TestRunner" name="runScenario" time="1.359"/>
  <testcase classname="dsAlgo_TestRunner.TestRunner" name="runScenario" time="1.289"/>
  <testcase classname="dsAlgo_TestRunner.TestRunner" name="runScenario" time="0.965"/>
  <testcase classname="dsAlgo_TestRunner.TestRunner" name="runScenario" time="1.208"/>
  <testcase classname="dsAlgo_TestRunner.TestRunner" name="runScenario" time="1.410"/>
  <testcase classname="dsAlgo_TestRunner.TestRunner" name="runScenario" time="2.385"/>
  <testcase classname="dsAlgo_TestRunner.TestRunner" name="runScenario" time="2.353"/>
  <testcase classname="dsAlgo_TestRunner.TestRunner" name="runScenario" time="0.906"/>
  <testcase classname="dsAlgo_TestRunner.TestRunner" name="runScenario" time="2.128"/>
  <testcase classname="dsAlgo_TestRunner.TestRunner" name="runScenario" time="0.990"/>
  <testcase classname="dsAlgo_TestRunner.TestRunner" name="runScenario" time="2.483"/>
  <testcase classname="dsAlgo_TestRunner.TestRunner" name="runScenario" time="0.941"/>
  <testcase classname="dsAlgo_TestRunner.TestRunner" name="runScenario" time="2.097"/>
  <testcase classname="dsAlgo_TestRunner.TestRunner" name="runScenario" time="0.840"/>
  <testcase classname="dsAlgo_TestRunner.TestRunner" name="runScenario" time="1.018"/>
  <testcase classname="dsAlgo_TestRunner.TestRunner" name="runScenario" time="2.198"/>
  <testcase classname="dsAlgo_TestRunner.TestRunner" name="runScenario" time="0.935"/>
  <testcase classname="dsAlgo_TestRunner.TestRunner" name="runScenario" time="1.235"/>
  <testcase classname="dsAlgo_TestRunner.TestRunner" name="runScenario" time="0.536"/>
  <testcase classname="dsAlgo_TestRunner.TestRunner" name="runScenario" time="1.278"/>
  <testcase classname="dsAlgo_TestRunner.TestRunner" name="runScenario" time="2.264"/>
  <testcase classname="dsAlgo_TestRunner.TestRunner" name="runScenario" time="2.149"/>
  <testcase classname="dsAlgo_TestRunner.TestRunner" name="runScenario" time="0.574"/>
  <testcase classname="dsAlgo_TestRunner.TestRunner" name="runScenario" time="0.414"/>
  <testcase classname="dsAlgo_TestRunner.TestRunner" name="runScenario" time="1.327"/>
  <testcase classname="dsAlgo_TestRunner.TestRunner" name="runScenario" time="2.201"/>
  <testcase classname="dsAlgo_TestRunner.TestRunner" name="runScenario" time="0.452"/>
  <testcase classname="dsAlgo_TestRunner.TestRunner" name="runScenario" time="1.055"/>
  <testcase classname="dsAlgo_TestRunner.TestRunner" name="runScenario" time="0.835"/>
  <testcase classname="dsAlgo_TestRunner.TestRunner" name="runScenario" time="0.992"/>
  <testcase classname="dsAlgo_TestRunner.TestRunner" name="runScenario" time="0.753"/>
  <testcase classname="dsAlgo_TestRunner.TestRunner" name="runScenario" time="0.650"/>
  <testcase classname="dsAlgo_TestRunner.TestRunner" name="runScenario" time="0.950"/>
  <testcase classname="dsAlgo_TestRunner.TestRunner" name="runScenario" time="0.460"/>
  <testcase classname="dsAlgo_TestRunner.TestRunner" name="runScenario" time="0.460"/>
  <testcase classname="dsAlgo_TestRunner.TestRunner" name="runScenario" time="0.805"/>
  <testcase classname="dsAlgo_TestRunner.TestRunner" name="runScenario" time="1.205"/>
  <testcase classname="dsAlgo_TestRunner.TestRunner" name="runScenario" time="0.581"/>
  <testcase classname="dsAlgo_TestRunner.TestRunner" name="runScenario" time="1.264"/>
  <testcase classname="dsAlgo_TestRunner.TestRunner" name="runScenario" time="0.781"/>
  <testcase classname="dsAlgo_TestRunner.TestRunner" name="runScenario" time="1.098"/>
  <testcase classname="dsAlgo_TestRunner.TestRunner" name="runScenario" time="0.469"/>
  <testcase classname="dsAlgo_TestRunner.TestRunner" name="runScenario" time="0.623"/>
  <testcase classname="dsAlgo_TestRunner.TestRunner" name="runScenario" time="2.326"/>
  <testcase classname="dsAlgo_TestRunner.TestRunner" name="runScenario" time="2.098"/>
  <testcase classname="dsAlgo_TestRunner.TestRunner" name="runScenario" time="1.946"/>
  <testcase classname="dsAlgo_TestRunner.TestRunner" name="runScenario" time="4.787"/>
  <testcase classname="dsAlgo_TestRunner.TestRunner" name="runScenario" time="1.206"/>
  <testcase classname="dsAlgo_TestRunner.TestRunner" name="runScenario" time="1.161"/>
  <testcase classname="dsAlgo_TestRunner.TestRunner" name="runScenario" time="0.901"/>
  <testcase classname="dsAlgo_TestRunner.TestRunner" name="runScenario" time="1.119"/>
  <testcase classname="dsAlgo_TestRunner.TestRunner" name="runScenario" time="0.200"/>
  <testcase classname="dsAlgo_TestRunner.TestRunner" name="runScenario" time="0.923"/>
  <testcase classname="dsAlgo_TestRunner.TestRunner" name="runScenario" time="2.241"/>
  <testcase classname="dsAlgo_TestRunner.TestRunner" name="runScenario" time="2.175"/>
  <testcase classname="dsAlgo_TestRunner.TestRunner" name="runScenario" time="2.263"/>
  <testcase classname="dsAlgo_TestRunner.TestRunner" name="runScenario" time="0.682"/>
  <testcase classname="dsAlgo_TestRunner.TestRunner" name="runScenario" time="0.988"/>
  <testcase classname="dsAlgo_TestRunner.TestRunner" name="runScenario" time="0.763"/>
  <testcase classname="dsAlgo_TestRunner.TestRunner" name="runScenario" time="0.599"/>
  <testcase classname="dsAlgo_TestRunner.TestRunner" name="runScenario" time="2.189"/>
  <testcase classname="dsAlgo_TestRunner.TestRunner" name="runScenario" time="2.587"/>
  <testcase classname="dsAlgo_TestRunner.TestRunner" name="runScenario" time="0.594"/>
  <testcase classname="dsAlgo_TestRunner.TestRunner" name="runScenario" time="1.317"/>
  <testcase classname="dsAlgo_TestRunner.TestRunner" name="runScenario" time="1.348"/>
  <testcase classname="dsAlgo_TestRunner.TestRunner" name="runScenario" time="0.993"/>
  <testcase classname="dsAlgo_TestRunner.TestRunner" name="runScenario" time="5.041"/>
  <testcase classname="dsAlgo_TestRunner.TestRunner" name="runScenario" time="2.274"/>
  <testcase classname="dsAlgo_TestRunner.TestRunner" name="runScenario" time="2.026"/>
  <testcase classname="dsAlgo_TestRunner.TestRunner" name="runScenario" time="1.878"/>
  <testcase classname="dsAlgo_TestRunner.TestRunner" name="runScenario" time="0.573"/>
  <testcase classname="dsAlgo_TestRunner.TestRunner" name="runScenario" time="2.255"/>
  <testcase classname="dsAlgo_TestRunner.TestRunner" name="runScenario" time="0.233"/>
  <testcase classname="dsAlgo_TestRunner.TestRunner" name="runScenario" time="2.351"/>
  <testcase classname="dsAlgo_TestRunner.TestRunner" name="runScenario" time="2.005"/>
  <testcase classname="dsAlgo_TestRunner.TestRunner" name="runScenario" time="0.912"/>
  <testcase classname="dsAlgo_TestRunner.TestRunner" name="runScenario" time="0.851"/>
  <testcase classname="dsAlgo_TestRunner.TestRunner" name="runScenario" time="1.308"/>
  <testcase classname="dsAlgo_TestRunner.TestRunner" name="runScenario" time="1.058"/>
  <testcase classname="dsAlgo_TestRunner.TestRunner" name="runScenario" time="2.411"/>
  <testcase classname="dsAlgo_TestRunner.TestRunner" name="runScenario" time="0.745"/>
  <testcase classname="dsAlgo_TestRunner.TestRunner" name="runScenario" time="0.386"/>
  <testcase classname="dsAlgo_TestRunner.TestRunner" name="runScenario" time="0.786"/>
  <testcase classname="dsAlgo_TestRunner.TestRunner" name="runScenario" time="1.983"/>
  <testcase classname="dsAlgo_TestRunner.TestRunner" name="runScenario" time="1.548"/>
  <testcase classname="dsAlgo_TestRunner.TestRunner" name="runScenario" time="0.540"/>
  <testcase classname="dsAlgo_TestRunner.TestRunner" name="runScenario" time="0.421"/>
  <testcase classname="dsAlgo_TestRunner.TestRunner" name="runScenario" time="0.576"/>
  <testcase classname="dsAlgo_TestRunner.TestRunner" name="runScenario" time="0.931"/>
  <testcase classname="dsAlgo_TestRunner.TestRunner" name="runScenario" time="2.181"/>
  <testcase classname="dsAlgo_TestRunner.TestRunner" name="runScenario" time="1.958"/>
  <testcase classname="dsAlgo_TestRunner.TestRunner" name="runScenario" time="0.548"/>
  <testcase classname="dsAlgo_TestRunner.TestRunner" name="runScenario" time="2.188"/>
  <testcase classname="dsAlgo_TestRunner.TestRunner" name="runScenario" time="0.592"/>
  <testcase classname="dsAlgo_TestRunner.TestRunner" name="runScenario" time="2.722"/>
  <testcase classname="dsAlgo_TestRunner.TestRunner" name="runScenario" time="0.820"/>
  <testcase classname="dsAlgo_TestRunner.TestRunner" name="runScenario" time="0.658"/>
  <testcase classname="dsAlgo_TestRunner.TestRunner" name="runScenario" time="1.153"/>
  <testcase classname="dsAlgo_TestRunner.TestRunner" name="runScenario" time="1.860"/>
  <testcase classname="dsAlgo_TestRunner.TestRunner" name="runScenario" time="2.436"/>
  <testcase classname="dsAlgo_TestRunner.TestRunner" name="runScenario" time="2.307"/>
  <testcase classname="dsAlgo_TestRunner.TestRunner" name="runScenario" time="1.985"/>
  <testcase classname="dsAlgo_TestRunner.TestRunner" name="runScenario" time="0.747"/>
  <testcase classname="dsAlgo_TestRunner.TestRunner" name="runScenario" time="2.319"/>
  <testcase classname="dsAlgo_TestRunner.TestRunner" name="runScenario" time="0.856"/>
  <testcase classname="dsAlgo_TestRunner.TestRunner" name="runScenario" time="1.880"/>
  <testcase classname="dsAlgo_TestRunner.TestRunner" name="runScenario" time="2.544"/>
  <testcase classname="dsAlgo_TestRunner.TestRunner" name="runScenario" time="1.012"/>
  <testcase classname="dsAlgo_TestRunner.TestRunner" name="runScenario" time="0.670"/>
  <testcase classname="dsAlgo_TestRunner.TestRunner" name="runScenario" time="1.002"/>
  <testcase classname="dsAlgo_TestRunner.TestRunner" name="runScenario" time="2.164"/>
  <testcase classname="dsAlgo_TestRunner.TestRunner" name="runScenario" time="0.612"/>
  <testcase classname="dsAlgo_TestRunner.TestRunner" name="runScenario" time="0.510"/>
  <testcase classname="dsAlgo_TestRunner.TestRunner" name="runScenario" time="0.130"/>
  <testcase classname="dsAlgo_TestRunner.TestRunner" name="runScenario" time="0.238"/>
  <testcase classname="dsAlgo_TestRunner.TestRunner" name="runScenario" time="0.333"/>
  <testcase classname="dsAlgo_TestRunner.TestRunner" name="runScenario" time="2.195"/>
  <testcase classname="dsAlgo_TestRunner.TestRunner" name="runScenario" time="1.278"/>
  <testcase classname="dsAlgo_TestRunner.TestRunner" name="runScenario" time="2.586"/>
  <testcase classname="dsAlgo_TestRunner.TestRunner" name="runScenario" time="1.169"/>
  <testcase classname="dsAlgo_TestRunner.TestRunner" name="runScenario" time="1.006"/>
  <testcase classname="dsAlgo_TestRunner.TestRunner" name="runScenario" time="1.055"/>
  <testcase classname="dsAlgo_TestRunner.TestRunner" name="runScenario" time="2.007"/>
  <testcase classname="dsAlgo_TestRunner.TestRunner" name="runScenario" time="0.891"/>
  <testcase classname="dsAlgo_TestRunner.TestRunner" name="runScenario" time="1.986"/>
  <testcase classname="dsAlgo_TestRunner.TestRunner" name="runScenario" time="0.905">
    <error message="ConfigReader.programdataExcelpath()" type="java.io.FileNotFoundException">
      <![CDATA[java.io.FileNotFoundException: ConfigReader.programdataExcelpath()
at org.apache.poi.ss.usermodel.WorkbookFactory.create(WorkbookFactory.java:302)
at org.apache.poi.ss.usermodel.WorkbookFactory.create(WorkbookFactory.java:277)
at org.apache.poi.ss.usermodel.WorkbookFactory.create(WorkbookFactory.java:255)
at dsAlgo_Utilities.ExcelReader.getWorkBook(ExcelReader.java:37)
at dsAlgo_Utilities.ExcelReader.getSheetByName(ExcelReader.java:29)
at dsAlgo_Utilities.ExcelReader.getData(ExcelReader.java:20)
at dsAlgo_StepDefinition.EDataStructurePage_SD.the_user_enter_python_ds_code_with_invalid_syntax_in_try_editor_from_sheet_and(EDataStructurePage_SD.java:73)
at ✽.The user enter python DS code with invalid syntax in tryEditor from sheet "array" and 1(file:///C:/Users/Viru/Desktop/Projects/Z_DS-Algo_BDD_change/src/test/resources/Features/EDataStructurePage.feature:24)
]]>
    </error>
  </testcase> <!-- runScenario -->
  <testcase classname="dsAlgo_TestRunner.TestRunner" name="runScenario" time="0.647"/>
  <testcase classname="dsAlgo_TestRunner.TestRunner" name="runScenario" time="2.050"/>
  <testcase classname="dsAlgo_TestRunner.TestRunner" name="runScenario" time="0.895"/>
  <testcase classname="dsAlgo_TestRunner.TestRunner" name="runScenario" time="0.573"/>
  <testcase classname="dsAlgo_TestRunner.TestRunner" name="runScenario" time="0.671"/>
  <testcase classname="dsAlgo_TestRunner.TestRunner" name="runScenario" time="0.815"/>
  <testcase classname="dsAlgo_TestRunner.TestRunner" name="runScenario" time="0.549"/>
  <testcase classname="dsAlgo_TestRunner.TestRunner" name="runScenario" time="1.113"/>
  <testcase classname="dsAlgo_TestRunner.TestRunner" name="runScenario" time="0.400"/>
  <testcase classname="dsAlgo_TestRunner.TestRunner" name="runScenario" time="0.725"/>
  <testcase classname="dsAlgo_TestRunner.TestRunner" name="runScenario" time="1.298"/>
  <testcase classname="dsAlgo_TestRunner.TestRunner" name="runScenario" time="1.294"/>
</testsuite> <!-- dsAlgo_TestRunner.TestRunner -->
